<?xml version="1.0" encoding="UTF-8"?>
<!-- Generated by org.testng.reporters.JUnitXMLReporter -->
<testsuite ignored="0" hostname="DESKTOP-GLLEFG8" failures="0" tests="8" name="Default test" time="23.393" errors="0" timestamp="08 Jun 2021 18:36:26 GMT">
  <testcase classname="tests.TestTopMenu" name="testMenuShiftPlan" time="7.8"/>
  <testcase classname="tests.TestTopMenu" name="testMenuTimeClock" time="0.1"/>
  <testcase classname="tests.TestTopMenu" name="testMenuLeave" time="0.155"/>
  <testcase classname="tests.TestTopMenu" name="testMenuTraining" time="0.901"/>
  <testcase classname="tests.TestTopMenu" name="testMenuStaff" time="3.234"/>
  <testcase classname="tests.TestTopMenu" name="testMenuAvailability" time="5.605"/>
  <testcase classname="tests.TestTopMenu" name="testMenuPayroll" time="3.028"/>
  <testcase classname="tests.TestTopMenu" name="testMenuReports" time="1.13"/>
</testsuite> <!-- Default test -->
